0 info it worked if it ends with ok
1 verbose cli [ '/Users/thomaschuah/.nvm/v0.10.36/bin/node',
1 verbose cli   '/Users/thomaschuah/.nvm/v0.10.36/bin/npm',
1 verbose cli   'start' ]
2 info using npm@1.4.28
3 info using node@v0.10.36
4 verbose run-script [ 'prestart', 'start', 'poststart' ]
5 info prestart cotd@0.0.3
6 info start cotd@0.0.3
7 verbose unsafe-perm in lifecycle true
8 info cotd@0.0.3 Failed to exec start script
9 error cotd@0.0.3 start: `react-scripts start`
9 error Exit status 8
10 error Failed at the cotd@0.0.3 start script.
10 error This is most likely a problem with the cotd package,
10 error not with npm itself.
10 error Tell the author that this fails on your system:
10 error     react-scripts start
10 error You can get their info via:
10 error     npm owner ls cotd
10 error There is likely additional logging output above.
11 error System Darwin 17.2.0
12 error command "/Users/thomaschuah/.nvm/v0.10.36/bin/node" "/Users/thomaschuah/.nvm/v0.10.36/bin/npm" "start"
13 error cwd /Applications/mappstack-7.1.15-0/apache2/htdocs/react/React-For-Beginners-Starter-Files/catch-of-the-day
14 error node -v v0.10.36
15 error npm -v 1.4.28
16 error code ELIFECYCLE
17 verbose exit [ 1, true ]
